# JRE version: Java(TM) SE Runtime Environment (8.0_40-b25) (build 1.8.0_40-b25)
# Java VM: Java HotSpot(TM) 64-Bit Server VM (25.40-b25 mixed mode linux-amd64 compressed oops)
Heap:
 PSYoungGen      total 418304K, used 21477K [0x00000000d8180000, 0x00000000f2f00000, 0x0000000100000000)
  eden space 396800K, 0% used [0x00000000d8180000,0x00000000d8180000,0x00000000f0500000)
  from space 21504K, 99% used [0x00000000f0500000,0x00000000f19f9438,0x00000000f1a00000)
  to   space 16384K, 0% used [0x00000000f1e00000,0x00000000f1e00000,0x00000000f2e00000)
 ParOldGen       total 55296K, used 21677K [0x0000000088400000, 0x000000008ba00000, 0x00000000d8180000)
  object space 55296K, 39% used [0x0000000088400000,0x000000008992b470,0x000000008ba00000)
 Metaspace       used 32357K, capacity 35488K, committed 35496K, reserved 1079296K
  class space    used 5194K, capacity 6139K, committed 6144K, reserved 1048576K
GC Heap History (10 events):
Event: 4,162 GC heap after
Heap after GC invocations=5 (full 0):
 PSYoungGen      total 128000K, used 5091K [0x00000000d8180000, 0x00000000e8b80000, 0x0000000100000000)
  eden space 122880K, 0% used [0x00000000d8180000,0x00000000d8180000,0x00000000df980000)
  from space 5120K, 99% used [0x00000000df980000,0x00000000dfe78cb0,0x00000000dfe80000)
  to   space 13312K, 0% used [0x00000000e7e80000,0x00000000e7e80000,0x00000000e8b80000)
 ParOldGen       total 81920K, used 10823K [0x0000000088400000, 0x000000008d400000, 0x00000000d8180000)
  object space 81920K, 13% used [0x0000000088400000,0x0000000088e91da0,0x000000008d400000)
 Metaspace       used 19992K, capacity 20160K, committed 20224K, reserved 1064960K
  class space    used 3736K, capacity 3798K, committed 3840K, reserved 1048576K
}
Event: 4,501 GC heap before
{Heap before GC invocations=6 (full 0):
 PSYoungGen      total 128000K, used 22328K [0x00000000d8180000, 0x00000000e8b80000, 0x0000000100000000)
  eden space 122880K, 14% used [0x00000000d8180000,0x00000000d92554f8,0x00000000df980000)
  from space 5120K, 99% used [0x00000000df980000,0x00000000dfe78cb0,0x00000000dfe80000)
  to   space 13312K, 0% used [0x00000000e7e80000,0x00000000e7e80000,0x00000000e8b80000)
 ParOldGen       total 81920K, used 10823K [0x0000000088400000, 0x000000008d400000, 0x00000000d8180000)
  object space 81920K, 13% used [0x0000000088400000,0x0000000088e91da0,0x000000008d400000)
 Metaspace       used 21066K, capacity 21184K, committed 21296K, reserved 1067008K
  class space    used 3874K, capacity 3926K, committed 3968K, reserved 1048576K
Event: 4,528 GC heap after
Heap after GC invocations=6 (full 0):
 PSYoungGen      total 257024K, used 6191K [0x00000000d8180000, 0x00000000e8980000, 0x0000000100000000)
  eden space 245760K, 0% used [0x00000000d8180000,0x00000000d8180000,0x00000000e7180000)
  from space 11264K, 54% used [0x00000000e7e80000,0x00000000e848bd90,0x00000000e8980000)
  to   space 12288K, 0% used [0x00000000e7180000,0x00000000e7180000,0x00000000e7d80000)
 ParOldGen       total 81920K, used 10831K [0x0000000088400000, 0x000000008d400000, 0x00000000d8180000)
  object space 81920K, 13% used [0x0000000088400000,0x0000000088e93da0,0x000000008d400000)
 Metaspace       used 21066K, capacity 21184K, committed 21296K, reserved 1067008K
  class space    used 3874K, capacity 3926K, committed 3968K, reserved 1048576K
}
Event: 4,528 GC heap before
{Heap before GC invocations=7 (full 1):
 PSYoungGen      total 257024K, used 6191K [0x00000000d8180000, 0x00000000e8980000, 0x0000000100000000)
  eden space 245760K, 0% used [0x00000000d8180000,0x00000000d8180000,0x00000000e7180000)
  from space 11264K, 54% used [0x00000000e7e80000,0x00000000e848bd90,0x00000000e8980000)
  to   space 12288K, 0% used [0x00000000e7180000,0x00000000e7180000,0x00000000e7d80000)
 ParOldGen       total 81920K, used 10831K [0x0000000088400000, 0x000000008d400000, 0x00000000d8180000)
  object space 81920K, 13% used [0x0000000088400000,0x0000000088e93da0,0x000000008d400000)
 Metaspace       used 21066K, capacity 21184K, committed 21296K, reserved 1067008K
  class space    used 3874K, capacity 3926K, committed 3968K, reserved 1048576K
Event: 4,591 GC heap after
Heap after GC invocations=7 (full 1):
 PSYoungGen      total 257024K, used 0K [0x00000000d8180000, 0x00000000e8980000, 0x0000000100000000)
  eden space 245760K, 0% used [0x00000000d8180000,0x00000000d8180000,0x00000000e7180000)
  from space 11264K, 0% used [0x00000000e7e80000,0x00000000e7e80000,0x00000000e8980000)
  to   space 12288K, 0% used [0x00000000e7180000,0x00000000e7180000,0x00000000e7d80000)
 ParOldGen       total 55296K, used 7859K [0x0000000088400000, 0x000000008ba00000, 0x00000000d8180000)
  object space 55296K, 14% used [0x0000000088400000,0x0000000088bacfa0,0x000000008ba00000)
 Metaspace       used 21066K, capacity 21184K, committed 21296K, reserved 1067008K
  class space    used 3874K, capacity 3926K, committed 3968K, reserved 1048576K
}
Event: 9,730 GC heap before
{Heap before GC invocations=8 (full 1):
 PSYoungGen      total 257024K, used 245760K [0x00000000d8180000, 0x00000000e8980000, 0x0000000100000000)
  eden space 245760K, 100% used [0x00000000d8180000,0x00000000e7180000,0x00000000e7180000)
  from space 11264K, 0% used [0x00000000e7e80000,0x00000000e7e80000,0x00000000e8980000)
  to   space 12288K, 0% used [0x00000000e7180000,0x00000000e7180000,0x00000000e7d80000)
 ParOldGen       total 55296K, used 7859K [0x0000000088400000, 0x000000008ba00000, 0x00000000d8180000)
  object space 55296K, 14% used [0x0000000088400000,0x0000000088bacfa0,0x000000008ba00000)
 Metaspace       used 28049K, capacity 28592K, committed 28928K, reserved 1073152K
  class space    used 4769K, capacity 4996K, committed 5120K, reserved 1048576K
Event: 9,808 GC heap after
Heap after GC invocations=8 (full 1):
 PSYoungGen      total 258048K, used 12281K [0x00000000d8180000, 0x00000000f2e00000, 0x0000000100000000)
  eden space 245760K, 0% used [0x00000000d8180000,0x00000000d8180000,0x00000000e7180000)
  from space 12288K, 99% used [0x00000000e7180000,0x00000000e7d7e438,0x00000000e7d80000)
  to   space 16384K, 0% used [0x00000000f1e00000,0x00000000f1e00000,0x00000000f2e00000)
 ParOldGen       total 55296K, used 11766K [0x0000000088400000, 0x000000008ba00000, 0x00000000d8180000)
  object space 55296K, 21% used [0x0000000088400000,0x0000000088f7d9d8,0x000000008ba00000)
 Metaspace       used 28049K, capacity 28592K, committed 28928K, reserved 1073152K
  class space    used 4769K, capacity 4996K, committed 5120K, reserved 1048576K
}
Event: 15,442 GC heap before
{Heap before GC invocations=9 (full 1):
 PSYoungGen      total 258048K, used 258041K [0x00000000d8180000, 0x00000000f2e00000, 0x0000000100000000)
  eden space 245760K, 100% used [0x00000000d8180000,0x00000000e7180000,0x00000000e7180000)
  from space 12288K, 99% used [0x00000000e7180000,0x00000000e7d7e438,0x00000000e7d80000)
  to   space 16384K, 0% used [0x00000000f1e00000,0x00000000f1e00000,0x00000000f2e00000)
 ParOldGen       total 55296K, used 11766K [0x0000000088400000, 0x000000008ba00000, 0x00000000d8180000)
  object space 55296K, 21% used [0x0000000088400000,0x0000000088f7d9d8,0x000000008ba00000)
 Metaspace       used 30600K, capacity 32728K, committed 32896K, reserved 1077248K
  class space    used 5015K, capacity 5635K, committed 5760K, reserved 1048576K
Event: 15,503 GC heap after
Heap after GC invocations=9 (full 1):
 PSYoungGen      total 413184K, used 16354K [0x00000000d8180000, 0x00000000f2f00000, 0x0000000100000000)
  eden space 396800K, 0% used [0x00000000d8180000,0x00000000d8180000,0x00000000f0500000)
  from space 16384K, 99% used [0x00000000f1e00000,0x00000000f2df8930,0x00000000f2e00000)
  to   space 21504K, 0% used [0x00000000f0500000,0x00000000f0500000,0x00000000f1a00000)
 ParOldGen       total 55296K, used 16302K [0x0000000088400000, 0x000000008ba00000, 0x00000000d8180000)
  object space 55296K, 29% used [0x0000000088400000,0x00000000893ebbe0,0x000000008ba00000)
 Metaspace       used 30600K, capacity 32728K, committed 32896K, reserved 1077248K
  class space    used 5015K, capacity 5635K, committed 5760K, reserved 1048576K
}
Event: 22,126 GC heap before
{Heap before GC invocations=10 (full 1):
 PSYoungGen      total 413184K, used 397911K [0x00000000d8180000, 0x00000000f2f00000, 0x0000000100000000)
  eden space 396800K, 96% used [0x00000000d8180000,0x00000000ef61d438,0x00000000f0500000)
  from space 16384K, 99% used [0x00000000f1e00000,0x00000000f2df8930,0x00000000f2e00000)
  to   space 21504K, 0% used [0x00000000f0500000,0x00000000f0500000,0x00000000f1a00000)
 ParOldGen       total 55296K, used 16302K [0x0000000088400000, 0x000000008ba00000, 0x00000000d8180000)
  object space 55296K, 29% used [0x0000000088400000,0x00000000893ebbe0,0x000000008ba00000)
 Metaspace       used 32357K, capacity 35488K, committed 35496K, reserved 1079296K
  class space    used 5194K, capacity 6139K, committed 6144K, reserved 1048576K

