# JRE version: Java(TM) SE Runtime Environment (8.0_40-b25) (build 1.8.0_40-b25)
# Java VM: Java HotSpot(TM) 64-Bit Server VM (25.40-b25 mixed mode linux-amd64 compressed oops)
Heap:
 PSYoungGen      total 470016K, used 7928K [0x00000000d8180000, 0x00000000f5e80000, 0x0000000100000000)
  eden space 452096K, 0% used [0x00000000d8180000,0x00000000d8180000,0x00000000f3b00000)
  from space 17920K, 44% used [0x00000000f3b80000,0x00000000f433e388,0x00000000f4d00000)
  to   space 12288K, 0% used [0x00000000f5280000,0x00000000f5280000,0x00000000f5e80000)
 ParOldGen       total 92672K, used 32264K [0x0000000088400000, 0x000000008de80000, 0x00000000d8180000)
  object space 92672K, 34% used [0x0000000088400000,0x000000008a3822f8,0x000000008de80000)
 Metaspace       used 34144K, capacity 38540K, committed 38656K, reserved 1081344K
  class space    used 5386K, capacity 6625K, committed 6656K, reserved 1048576K
GC Heap History (10 events):
Event: 22,240 GC heap after
Heap after GC invocations=12 (full 1):
 PSYoungGen      total 276480K, used 7136K [0x00000000d8180000, 0x00000000eef00000, 0x0000000100000000)
  eden space 258560K, 0% used [0x00000000d8180000,0x00000000d8180000,0x00000000e7e00000)
  from space 17920K, 39% used [0x00000000e7e00000,0x00000000e84f8020,0x00000000e8f80000)
  to   space 17408K, 0% used [0x00000000ede00000,0x00000000ede00000,0x00000000eef00000)
 ParOldGen       total 54784K, used 35446K [0x0000000088400000, 0x000000008b980000, 0x00000000d8180000)
  object space 54784K, 64% used [0x0000000088400000,0x000000008a69db00,0x000000008b980000)
 Metaspace       used 32164K, capacity 35152K, committed 35328K, reserved 1079296K
  class space    used 5176K, capacity 6087K, committed 6144K, reserved 1048576K
}
Event: 23,007 GC heap before
{Heap before GC invocations=13 (full 1):
 PSYoungGen      total 276480K, used 59251K [0x00000000d8180000, 0x00000000eef00000, 0x0000000100000000)
  eden space 258560K, 20% used [0x00000000d8180000,0x00000000db464c88,0x00000000e7e00000)
  from space 17920K, 39% used [0x00000000e7e00000,0x00000000e84f8020,0x00000000e8f80000)
  to   space 17408K, 0% used [0x00000000ede00000,0x00000000ede00000,0x00000000eef00000)
 ParOldGen       total 54784K, used 35446K [0x0000000088400000, 0x000000008b980000, 0x00000000d8180000)
  object space 54784K, 64% used [0x0000000088400000,0x000000008a69db00,0x000000008b980000)
 Metaspace       used 32362K, capacity 35480K, committed 35496K, reserved 1079296K
  class space    used 5194K, capacity 6139K, committed 6144K, reserved 1048576K
Event: 23,045 GC heap after
Heap after GC invocations=13 (full 1):
 PSYoungGen      total 356864K, used 1075K [0x00000000d8180000, 0x00000000efd00000, 0x0000000100000000)
  eden space 339456K, 0% used [0x00000000d8180000,0x00000000d8180000,0x00000000ecd00000)
  from space 17408K, 6% used [0x00000000ede00000,0x00000000edf0cc00,0x00000000eef00000)
  to   space 17408K, 0% used [0x00000000ecd00000,0x00000000ecd00000,0x00000000ede00000)
 ParOldGen       total 54784K, used 42397K [0x0000000088400000, 0x000000008b980000, 0x00000000d8180000)
  object space 54784K, 77% used [0x0000000088400000,0x000000008ad67710,0x000000008b980000)
 Metaspace       used 32362K, capacity 35480K, committed 35496K, reserved 1079296K
  class space    used 5194K, capacity 6139K, committed 6144K, reserved 1048576K
}
Event: 23,045 GC heap before
{Heap before GC invocations=14 (full 2):
 PSYoungGen      total 356864K, used 1075K [0x00000000d8180000, 0x00000000efd00000, 0x0000000100000000)
  eden space 339456K, 0% used [0x00000000d8180000,0x00000000d8180000,0x00000000ecd00000)
  from space 17408K, 6% used [0x00000000ede00000,0x00000000edf0cc00,0x00000000eef00000)
  to   space 17408K, 0% used [0x00000000ecd00000,0x00000000ecd00000,0x00000000ede00000)
 ParOldGen       total 54784K, used 42397K [0x0000000088400000, 0x000000008b980000, 0x00000000d8180000)
  object space 54784K, 77% used [0x0000000088400000,0x000000008ad67710,0x000000008b980000)
 Metaspace       used 32362K, capacity 35480K, committed 35496K, reserved 1079296K
  class space    used 5194K, capacity 6139K, committed 6144K, reserved 1048576K
Event: 23,258 GC heap after
Heap after GC invocations=14 (full 2):
 PSYoungGen      total 356864K, used 0K [0x00000000d8180000, 0x00000000efd00000, 0x0000000100000000)
  eden space 339456K, 0% used [0x00000000d8180000,0x00000000d8180000,0x00000000ecd00000)
  from space 17408K, 0% used [0x00000000ede00000,0x00000000ede00000,0x00000000eef00000)
  to   space 17408K, 0% used [0x00000000ecd00000,0x00000000ecd00000,0x00000000ede00000)
 ParOldGen       total 92672K, used 24549K [0x0000000088400000, 0x000000008de80000, 0x00000000d8180000)
  object space 92672K, 26% used [0x0000000088400000,0x0000000089bf9430,0x000000008de80000)
 Metaspace       used 32359K, capacity 35474K, committed 35496K, reserved 1079296K
  class space    used 5194K, capacity 6137K, committed 6144K, reserved 1048576K
}
Event: 27,207 GC heap before
{Heap before GC invocations=15 (full 2):
 PSYoungGen      total 356864K, used 339456K [0x00000000d8180000, 0x00000000efd00000, 0x0000000100000000)
  eden space 339456K, 100% used [0x00000000d8180000,0x00000000ecd00000,0x00000000ecd00000)
  from space 17408K, 0% used [0x00000000ede00000,0x00000000ede00000,0x00000000eef00000)
  to   space 17408K, 0% used [0x00000000ecd00000,0x00000000ecd00000,0x00000000ede00000)
 ParOldGen       total 92672K, used 24549K [0x0000000088400000, 0x000000008de80000, 0x00000000d8180000)
  object space 92672K, 26% used [0x0000000088400000,0x0000000089bf9430,0x000000008de80000)
 Metaspace       used 33372K, capacity 37380K, committed 37504K, reserved 1081344K
  class space    used 5304K, capacity 6437K, committed 6528K, reserved 1048576K
Event: 27,231 GC heap after
Heap after GC invocations=15 (full 2):
 PSYoungGen      total 356864K, used 5019K [0x00000000d8180000, 0x00000000f6300000, 0x0000000100000000)
  eden space 339456K, 0% used [0x00000000d8180000,0x00000000d8180000,0x00000000ecd00000)
  from space 17408K, 28% used [0x00000000ecd00000,0x00000000ed1e6d68,0x00000000ede00000)
  to   space 16896K, 0% used [0x00000000f5280000,0x00000000f5280000,0x00000000f6300000)
 ParOldGen       total 92672K, used 24557K [0x0000000088400000, 0x000000008de80000, 0x00000000d8180000)
  object space 92672K, 26% used [0x0000000088400000,0x0000000089bfb430,0x000000008de80000)
 Metaspace       used 33372K, capacity 37380K, committed 37504K, reserved 1081344K
  class space    used 5304K, capacity 6437K, committed 6528K, reserved 1048576K
}
Event: 31,174 GC heap before
{Heap before GC invocations=16 (full 2):
 PSYoungGen      total 356864K, used 344475K [0x00000000d8180000, 0x00000000f6300000, 0x0000000100000000)
  eden space 339456K, 100% used [0x00000000d8180000,0x00000000ecd00000,0x00000000ecd00000)
  from space 17408K, 28% used [0x00000000ecd00000,0x00000000ed1e6d68,0x00000000ede00000)
  to   space 16896K, 0% used [0x00000000f5280000,0x00000000f5280000,0x00000000f6300000)
 ParOldGen       total 92672K, used 24557K [0x0000000088400000, 0x000000008de80000, 0x00000000d8180000)
  object space 92672K, 26% used [0x0000000088400000,0x0000000089bfb430,0x000000008de80000)
 Metaspace       used 33872K, capacity 38056K, committed 38400K, reserved 1081344K
  class space    used 5355K, capacity 6541K, committed 6656K, reserved 1048576K
Event: 31,212 GC heap after
Heap after GC invocations=16 (full 2):
 PSYoungGen      total 464384K, used 12164K [0x00000000d8180000, 0x00000000f5e80000, 0x0000000100000000)
  eden space 452096K, 0% used [0x00000000d8180000,0x00000000d8180000,0x00000000f3b00000)
  from space 12288K, 98% used [0x00000000f5280000,0x00000000f5e61150,0x00000000f5e80000)
  to   space 17920K, 0% used [0x00000000f3b80000,0x00000000f3b80000,0x00000000f4d00000)
 ParOldGen       total 92672K, used 28913K [0x0000000088400000, 0x000000008de80000, 0x00000000d8180000)
  object space 92672K, 31% used [0x0000000088400000,0x000000008a03c710,0x000000008de80000)
 Metaspace       used 33872K, capacity 38056K, committed 38400K, reserved 1081344K
  class space    used 5355K, capacity 6541K, committed 6656K, reserved 1048576K
}
Event: 35,710 GC heap before
{Heap before GC invocations=17 (full 2):
 PSYoungGen      total 464384K, used 464260K [0x00000000d8180000, 0x00000000f5e80000, 0x0000000100000000)
  eden space 452096K, 100% used [0x00000000d8180000,0x00000000f3b00000,0x00000000f3b00000)
  from space 12288K, 98% used [0x00000000f5280000,0x00000000f5e61150,0x00000000f5e80000)
  to   space 17920K, 0% used [0x00000000f3b80000,0x00000000f3b80000,0x00000000f4d00000)
 ParOldGen       total 92672K, used 28913K [0x0000000088400000, 0x000000008de80000, 0x00000000d8180000)
  object space 92672K, 31% used [0x0000000088400000,0x000000008a03c710,0x000000008de80000)
 Metaspace       used 34144K, capacity 38540K, committed 38656K, reserved 1081344K
  class space    used 5386K, capacity 6625K, committed 6656K, reserved 1048576K

